<?xml version="1.0" encoding="UTF-8"?>
<!-- Generated by org.testng.reporters.JUnitReportReporter -->
<testsuite hostname="DESKTOP-42J99NO" failures="0" tests="1" name="weare.api.testing.users.GetProfilePostsTests" time="0.042" errors="0" timestamp="2023-10-18T23:53:35 EEST" skipped="0">
  <testcase classname="weare.api.testing.users.GetProfilePostsTests" name="getUserPosts_Successful" time="0.042"/>
</testsuite> <!-- weare.api.testing.users.GetProfilePostsTests -->
