<?xml version="1.0" encoding="UTF-8"?>
<!-- Generated by org.testng.reporters.JUnitReportReporter -->
<testsuite hostname="DESKTOP-42J99NO" failures="0" tests="1" name="weare.api.testing.skill.GetAllSkillsTests" time="0.023" errors="0" timestamp="2023-10-18T23:53:35 EEST" skipped="0">
  <testcase classname="weare.api.testing.skill.GetAllSkillsTests" name="newlyCreatedSkill_returned_whenGetAllSkills" time="0.023"/>
</testsuite> <!-- weare.api.testing.skill.GetAllSkillsTests -->
